<?xml version="1.0" encoding="UTF-8"?>
<coverage generated="1679557153925" clover="3.2.0">
  <project timestamp="1679557153926" name="All files">
    <metrics statements="25" coveredstatements="11" conditionals="0" coveredconditionals="0" methods="5" coveredmethods="1" elements="30" coveredelements="12" complexity="0" loc="25" ncloc="25" packages="1" files="1" classes="1"/>
    <file name="api.js" path="C:\Users\Imran\Documents\GitHub\movies-final-capstone-microverse-javascript\src\modules\api.js">
      <metrics statements="25" coveredstatements="11" conditionals="0" coveredconditionals="0" methods="5" coveredmethods="1"/>
      <line num="1" count="1" type="stmt"/>
      <line num="2" count="1" type="stmt"/>
      <line num="3" count="1" type="stmt"/>
      <line num="8" count="1" type="stmt"/>
      <line num="9" count="0" type="stmt"/>
      <line num="12" count="0" type="stmt"/>
      <line num="22" count="0" type="stmt"/>
      <line num="25" count="1" type="stmt"/>
      <line num="26" count="0" type="stmt"/>
      <line num="27" count="0" type="stmt"/>
      <line num="28" count="0" type="stmt"/>
      <line num="29" count="0" type="stmt"/>
      <line num="31" count="0" type="stmt"/>
      <line num="35" count="1" type="stmt"/>
      <line num="36" count="0" type="stmt"/>
      <line num="37" count="0" type="stmt"/>
      <line num="38" count="0" type="stmt"/>
      <line num="39" count="0" type="stmt"/>
      <line num="41" count="0" type="stmt"/>
      <line num="45" count="1" type="stmt"/>
      <line num="46" count="0" type="stmt"/>
      <line num="57" count="1" type="stmt"/>
      <line num="58" count="1" type="stmt"/>
      <line num="59" count="1" type="stmt"/>
      <line num="60" count="1" type="stmt"/>
    </file>
  </project>
</coverage>
