{"C:\\Users\\Imran\\Documents\\GitHub\\movies-final-capstone-microverse-javascript\\src\\modules\\api.js": {"path":"C:\\Users\\Imran\\Documents\\GitHub\\movies-final-capstone-microverse-javascript\\src\\modules\\api.js","statementMap":{"0":{"start":{"line":1,"column":22},"end":{"line":1,"column":44}},"1":{"start":{"line":2,"column":19},"end":{"line":2,"column":118}},"2":{"start":{"line":3,"column":16},"end":{"line":3,"column":113}},"3":{"start":{"line":8,"column":13},"end":{"line":23,"column":3}},"4":{"start":{"line":9,"column":17},"end":{"line":11,"column":5}},"5":{"start":{"line":12,"column":21},"end":{"line":21,"column":5}},"6":{"start":{"line":22,"column":4},"end":{"line":22,"column":20}},"7":{"start":{"line":25,"column":14},"end":{"line":33,"column":3}},"8":{"start":{"line":26,"column":4},"end":{"line":32,"column":5}},"9":{"start":{"line":27,"column":23},"end":{"line":27,"column":66}},"10":{"start":{"line":28,"column":19},"end":{"line":28,"column":40}},"11":{"start":{"line":29,"column":6},"end":{"line":29,"column":18}},"12":{"start":{"line":31,"column":6},"end":{"line":31,"column":19}},"13":{"start":{"line":35,"column":12},"end":{"line":43,"column":3}},"14":{"start":{"line":36,"column":4},"end":{"line":42,"column":5}},"15":{"start":{"line":37,"column":23},"end":{"line":37,"column":43}},"16":{"start":{"line":38,"column":19},"end":{"line":38,"column":40}},"17":{"start":{"line":39,"column":6},"end":{"line":39,"column":18}},"18":{"start":{"line":41,"column":6},"end":{"line":41,"column":19}},"19":{"start":{"line":45,"column":16},"end":{"line":55,"column":3}},"20":{"start":{"line":46,"column":4},"end":{"line":54,"column":7}},"21":{"start":{"line":57,"column":15},"end":{"line":61,"column":3}},"22":{"start":{"line":58,"column":21},"end":{"line":58,"column":66}},"23":{"start":{"line":59,"column":17},"end":{"line":59,"column":38}},"24":{"start":{"line":60,"column":4},"end":{"line":60,"column":16}}},"fnMap":{"0":{"name":"(anonymous_0)","decl":{"start":{"line":8,"column":13},"end":{"line":8,"column":14}},"loc":{"start":{"line":8,"column":31},"end":{"line":23,"column":3}},"line":8},"1":{"name":"(anonymous_1)","decl":{"start":{"line":25,"column":14},"end":{"line":25,"column":15}},"loc":{"start":{"line":25,"column":26},"end":{"line":33,"column":3}},"line":25},"2":{"name":"(anonymous_2)","decl":{"start":{"line":35,"column":12},"end":{"line":35,"column":13}},"loc":{"start":{"line":35,"column":24},"end":{"line":43,"column":3}},"line":35},"3":{"name":"(anonymous_3)","decl":{"start":{"line":45,"column":16},"end":{"line":45,"column":17}},"loc":{"start":{"line":45,"column":52},"end":{"line":55,"column":3}},"line":45},"4":{"name":"(anonymous_4)","decl":{"start":{"line":57,"column":15},"end":{"line":57,"column":16}},"loc":{"start":{"line":57,"column":32},"end":{"line":61,"column":3}},"line":57}},"branchMap":{},"s":{"0":1,"1":1,"2":1,"3":1,"4":0,"5":0,"6":0,"7":1,"8":0,"9":0,"10":0,"11":0,"12":0,"13":1,"14":0,"15":0,"16":0,"17":0,"18":0,"19":1,"20":0,"21":1,"22":1,"23":1,"24":1},"f":{"0":0,"1":0,"2":0,"3":0,"4":1},"b":{},"_coverageSchema":"1a1c01bbd47fc00a2c39e90264f33305004495a9","hash":"5dca7d5b3841b2993566a772657c8e716ffd6b3d"}
}
